This file contains any messages produced by compilers while
running configure, to aid debugging if configure makes a mistake.

It was created by package-query configure 1.7, which was
generated by GNU Autoconf 2.69.  Invocation command line was

  $ ./configure --localstatedir=/var --prefix=/usr --sysconfdir=/etc --with-aur-url=https://aur.archlinux.org

## --------- ##
## Platform. ##
## --------- ##

hostname = antergos-iso
uname -m = x86_64
uname -r = 4.0.6-1-ARCH
uname -s = Linux
uname -v = #1 SMP PREEMPT Tue Jun 23 14:25:08 CEST 2015

/usr/bin/uname -p = unknown
/bin/uname -X     = unknown

/bin/arch              = unknown
/usr/bin/arch -k       = unknown
/usr/convex/getsysinfo = unknown
/usr/bin/hostinfo      = unknown
/bin/machine           = unknown
/usr/bin/oslevel       = unknown
/bin/universe          = unknown

PATH: /usr/local/bin
PATH: /usr/bin
PATH: /bin


## ----------- ##
## Core tests. ##
## ----------- ##

configure:2304: checking for a BSD-compatible install
configure:2372: result: /usr/bin/install -c
configure:2383: checking whether build environment is sane
configure:2438: result: yes
configure:2589: checking for a thread-safe mkdir -p
configure:2628: result: /usr/bin/mkdir -p
configure:2635: checking for gawk
configure:2651: found /usr/bin/gawk
configure:2662: result: gawk
configure:2673: checking whether make sets $(MAKE)
configure:2695: result: yes
configure:2724: checking whether make supports nested variables
configure:2741: result: yes
configure:2922: checking for gcc
configure:2938: found /usr/bin/gcc
configure:2949: result: gcc
configure:3178: checking for C compiler version
configure:3187: gcc --version >&5
gcc (GCC) 5.3.0
Copyright (C) 2015 Free Software Foundation, Inc.
This is free software; see the source for copying conditions.  There is NO
warranty; not even for MERCHANTABILITY or FITNESS FOR A PARTICULAR PURPOSE.

configure:3198: $? = 0
configure:3187: gcc -v >&5
Using built-in specs.
COLLECT_GCC=gcc
COLLECT_LTO_WRAPPER=/usr/lib/gcc/x86_64-unknown-linux-gnu/5.3.0/lto-wrapper
Target: x86_64-unknown-linux-gnu
Configured with: /build/gcc/src/gcc-5.3.0/configure --prefix=/usr --libdir=/usr/lib --libexecdir=/usr/lib --mandir=/usr/share/man --infodir=/usr/share/info --with-bugurl=https://bugs.archlinux.org/ --enable-languages=c,c++,ada,fortran,go,lto,objc,obj-c++ --enable-shared --enable-threads=posix --enable-libmpx --with-system-zlib --with-isl --enable-__cxa_atexit --disable-libunwind-exceptions --enable-clocale=gnu --disable-libstdcxx-pch --disable-libssp --enable-gnu-unique-object --enable-linker-build-id --enable-lto --enable-plugin --enable-install-libiberty --with-linker-hash-style=gnu --enable-gnu-indirect-function --disable-multilib --disable-werror --enable-checking=release
Thread model: posix
gcc version 5.3.0 (GCC) 
configure:3198: $? = 0
configure:3187: gcc -V >&5
gcc: error: unrecognized command line option '-V'
gcc: fatal error: no input files
compilation terminated.
configure:3198: $? = 1
configure:3187: gcc -qversion >&5
gcc: error: unrecognized command line option '-qversion'
gcc: fatal error: no input files
compilation terminated.
configure:3198: $? = 1
configure:3218: checking whether the C compiler works
configure:3240: gcc -march=x86-64 -mtune=generic -O2 -pipe -fstack-protector-strong -D_FORTIFY_SOURCE=2 -Wl,-O1,--sort-common,--as-needed,-z,relro conftest.c  >&5
configure:3244: $? = 0
configure:3292: result: yes
configure:3295: checking for C compiler default output file name
configure:3297: result: a.out
configure:3303: checking for suffix of executables
configure:3310: gcc -o conftest -march=x86-64 -mtune=generic -O2 -pipe -fstack-protector-strong -D_FORTIFY_SOURCE=2 -Wl,-O1,--sort-common,--as-needed,-z,relro conftest.c  >&5
configure:3314: $? = 0
configure:3336: result: 
configure:3358: checking whether we are cross compiling
configure:3366: gcc -o conftest -march=x86-64 -mtune=generic -O2 -pipe -fstack-protector-strong -D_FORTIFY_SOURCE=2 -Wl,-O1,--sort-common,--as-needed,-z,relro conftest.c  >&5
configure:3370: $? = 0
configure:3377: ./conftest
configure:3381: $? = 0
configure:3396: result: no
configure:3401: checking for suffix of object files
configure:3423: gcc -c -march=x86-64 -mtune=generic -O2 -pipe -fstack-protector-strong -D_FORTIFY_SOURCE=2 conftest.c >&5
configure:3427: $? = 0
configure:3448: result: o
configure:3452: checking whether we are using the GNU C compiler
configure:3471: gcc -c -march=x86-64 -mtune=generic -O2 -pipe -fstack-protector-strong -D_FORTIFY_SOURCE=2 conftest.c >&5
configure:3471: $? = 0
configure:3480: result: yes
configure:3489: checking whether gcc accepts -g
configure:3509: gcc -c -g -D_FORTIFY_SOURCE=2 conftest.c >&5
configure:3509: $? = 0
configure:3550: result: yes
configure:3567: checking for gcc option to accept ISO C89
configure:3630: gcc  -c -march=x86-64 -mtune=generic -O2 -pipe -fstack-protector-strong -D_FORTIFY_SOURCE=2 conftest.c >&5
configure:3630: $? = 0
configure:3643: result: none needed
configure:3668: checking whether gcc understands -c and -o together
configure:3690: gcc -c conftest.c -o conftest2.o
configure:3693: $? = 0
configure:3690: gcc -c conftest.c -o conftest2.o
configure:3693: $? = 0
configure:3705: result: yes
configure:3733: checking for style of include used by make
configure:3761: result: GNU
configure:3787: checking dependency style of gcc
configure:3898: result: gcc3
configure:3942: checking build system type
configure:3956: result: x86_64-unknown-linux-gnu
configure:3976: checking host system type
configure:3989: result: x86_64-unknown-linux-gnu
configure:4030: checking how to print strings
configure:4057: result: printf
configure:4078: checking for a sed that does not truncate output
configure:4142: result: /usr/bin/sed
configure:4160: checking for grep that handles long lines and -e
configure:4218: result: /usr/bin/grep
configure:4223: checking for egrep
configure:4285: result: /usr/bin/grep -E
configure:4290: checking for fgrep
configure:4352: result: /usr/bin/grep -F
configure:4387: checking for ld used by gcc
configure:4454: result: /usr/bin/ld
configure:4461: checking if the linker (/usr/bin/ld) is GNU ld
configure:4476: result: yes
configure:4488: checking for BSD- or MS-compatible name lister (nm)
configure:4542: result: /usr/bin/nm -B
configure:4672: checking the name lister (/usr/bin/nm -B) interface
configure:4679: gcc -c -march=x86-64 -mtune=generic -O2 -pipe -fstack-protector-strong -D_FORTIFY_SOURCE=2 conftest.c >&5
configure:4682: /usr/bin/nm -B "conftest.o"
configure:4685: output
0000000000000000 B some_variable
configure:4692: result: BSD nm
configure:4695: checking whether ln -s works
configure:4699: result: yes
configure:4707: checking the maximum length of command line arguments
configure:4838: result: 1572864
configure:4886: checking how to convert x86_64-unknown-linux-gnu file names to x86_64-unknown-linux-gnu format
configure:4926: result: func_convert_file_noop
configure:4933: checking how to convert x86_64-unknown-linux-gnu file names to toolchain format
configure:4953: result: func_convert_file_noop
configure:4960: checking for /usr/bin/ld option to reload object files
configure:4967: result: -r
configure:5041: checking for objdump
configure:5057: found /usr/bin/objdump
configure:5068: result: objdump
configure:5100: checking how to recognize dependent libraries
configure:5300: result: pass_all
configure:5385: checking for dlltool
configure:5415: result: no
configure:5445: checking how to associate runtime and link libraries
configure:5472: result: printf %s\n
configure:5533: checking for ar
configure:5549: found /usr/bin/ar
configure:5560: result: ar
configure:5597: checking for archiver @FILE support
configure:5614: gcc -c -march=x86-64 -mtune=generic -O2 -pipe -fstack-protector-strong -D_FORTIFY_SOURCE=2 conftest.c >&5
configure:5614: $? = 0
configure:5617: ar cru libconftest.a @conftest.lst >&5
ar: `u' modifier ignored since `D' is the default (see `U')
configure:5620: $? = 0
configure:5625: ar cru libconftest.a @conftest.lst >&5
ar: `u' modifier ignored since `D' is the default (see `U')
ar: conftest.o: No such file or directory
configure:5628: $? = 1
configure:5640: result: @
configure:5698: checking for strip
configure:5714: found /usr/bin/strip
configure:5725: result: strip
configure:5797: checking for ranlib
configure:5813: found /usr/bin/ranlib
configure:5824: result: ranlib
configure:5926: checking command to parse /usr/bin/nm -B output from gcc object
configure:6079: gcc -c -march=x86-64 -mtune=generic -O2 -pipe -fstack-protector-strong -D_FORTIFY_SOURCE=2 conftest.c >&5
configure:6082: $? = 0
configure:6086: /usr/bin/nm -B conftest.o \| sed -n -e 's/^.*[ ]\([ABCDGIRSTW][ABCDGIRSTW]*\)[ ][ ]*\([_A-Za-z][_A-Za-z0-9]*\)$/\1 \2 \2/p' | sed '/ __gnu_lto/d' \> conftest.nm
configure:6089: $? = 0
configure:6155: gcc -o conftest -march=x86-64 -mtune=generic -O2 -pipe -fstack-protector-strong -D_FORTIFY_SOURCE=2 -Wl,-O1,--sort-common,--as-needed,-z,relro conftest.c conftstm.o >&5
configure:6158: $? = 0
configure:6196: result: ok
configure:6243: checking for sysroot
configure:6273: result: no
configure:6280: checking for a working dd
configure:6318: result: /usr/bin/dd
configure:6322: checking how to truncate binary pipes
configure:6337: result: /usr/bin/dd bs=4096 count=1
configure:6473: gcc -c -march=x86-64 -mtune=generic -O2 -pipe -fstack-protector-strong -D_FORTIFY_SOURCE=2 conftest.c >&5
configure:6476: $? = 0
configure:6666: checking for mt
configure:6696: result: no
configure:6716: checking if : is a manifest tool
configure:6722: : '-?'
configure:6730: result: no
configure:7407: checking how to run the C preprocessor
configure:7438: gcc -E -D_FORTIFY_SOURCE=2 conftest.c
In file included from /usr/include/limits.h:25:0,
                 from /usr/lib/gcc/x86_64-unknown-linux-gnu/5.3.0/include-fixed/limits.h:168,
                 from /usr/lib/gcc/x86_64-unknown-linux-gnu/5.3.0/include-fixed/syslimits.h:7,
                 from /usr/lib/gcc/x86_64-unknown-linux-gnu/5.3.0/include-fixed/limits.h:34,
                 from conftest.c:12:
/usr/include/features.h:328:4: warning: #warning _FORTIFY_SOURCE requires compiling with optimization (-O) [-Wcpp]
 #  warning _FORTIFY_SOURCE requires compiling with optimization (-O)
    ^
configure:7438: $? = 0
configure:7452: gcc -E -D_FORTIFY_SOURCE=2 conftest.c
conftest.c:11:28: fatal error: ac_nonexistent.h: No such file or directory
compilation terminated.
configure:7452: $? = 1
configure: failed program was:
| /* confdefs.h */
| #define PACKAGE_NAME "package-query"
| #define PACKAGE_TARNAME "package-query"
| #define PACKAGE_VERSION "1.7"
| #define PACKAGE_STRING "package-query 1.7"
| #define PACKAGE_BUGREPORT "https://github.com/archlinuxfr/package-query"
| #define PACKAGE_URL ""
| #define PACKAGE "package-query"
| #define VERSION "1.7"
| /* end confdefs.h.  */
| #include <ac_nonexistent.h>
configure:7477: result: gcc -E
configure:7497: gcc -E -D_FORTIFY_SOURCE=2 conftest.c
In file included from /usr/include/limits.h:25:0,
                 from /usr/lib/gcc/x86_64-unknown-linux-gnu/5.3.0/include-fixed/limits.h:168,
                 from /usr/lib/gcc/x86_64-unknown-linux-gnu/5.3.0/include-fixed/syslimits.h:7,
                 from /usr/lib/gcc/x86_64-unknown-linux-gnu/5.3.0/include-fixed/limits.h:34,
                 from conftest.c:12:
/usr/include/features.h:328:4: warning: #warning _FORTIFY_SOURCE requires compiling with optimization (-O) [-Wcpp]
 #  warning _FORTIFY_SOURCE requires compiling with optimization (-O)
    ^
configure:7497: $? = 0
configure:7511: gcc -E -D_FORTIFY_SOURCE=2 conftest.c
conftest.c:11:28: fatal error: ac_nonexistent.h: No such file or directory
compilation terminated.
configure:7511: $? = 1
configure: failed program was:
| /* confdefs.h */
| #define PACKAGE_NAME "package-query"
| #define PACKAGE_TARNAME "package-query"
| #define PACKAGE_VERSION "1.7"
| #define PACKAGE_STRING "package-query 1.7"
| #define PACKAGE_BUGREPORT "https://github.com/archlinuxfr/package-query"
| #define PACKAGE_URL ""
| #define PACKAGE "package-query"
| #define VERSION "1.7"
| /* end confdefs.h.  */
| #include <ac_nonexistent.h>
configure:7540: checking for ANSI C header files
configure:7560: gcc -c -march=x86-64 -mtune=generic -O2 -pipe -fstack-protector-strong -D_FORTIFY_SOURCE=2 conftest.c >&5
configure:7560: $? = 0
In file included from /usr/include/string.h:25:0,
                 from conftest.c:11:
/usr/include/features.h:328:4: warning: #warning _FORTIFY_SOURCE requires compiling with optimization (-O) [-Wcpp]
 #  warning _FORTIFY_SOURCE requires compiling with optimization (-O)
    ^
In file included from /usr/include/stdlib.h:24:0,
                 from conftest.c:11:
/usr/include/features.h:328:4: warning: #warning _FORTIFY_SOURCE requires compiling with optimization (-O) [-Wcpp]
 #  warning _FORTIFY_SOURCE requires compiling with optimization (-O)
    ^
configure:7633: gcc -o conftest -march=x86-64 -mtune=generic -O2 -pipe -fstack-protector-strong -D_FORTIFY_SOURCE=2 -Wl,-O1,--sort-common,--as-needed,-z,relro conftest.c  >&5
configure:7633: $? = 0
configure:7633: ./conftest
configure:7633: $? = 0
configure:7644: result: yes
configure:7657: checking for sys/types.h
configure:7657: gcc -c -march=x86-64 -mtune=generic -O2 -pipe -fstack-protector-strong -D_FORTIFY_SOURCE=2 conftest.c >&5
configure:7657: $? = 0
configure:7657: result: yes
configure:7657: checking for sys/stat.h
configure:7657: gcc -c -march=x86-64 -mtune=generic -O2 -pipe -fstack-protector-strong -D_FORTIFY_SOURCE=2 conftest.c >&5
configure:7657: $? = 0
configure:7657: result: yes
configure:7657: checking for stdlib.h
configure:7657: gcc -c -march=x86-64 -mtune=generic -O2 -pipe -fstack-protector-strong -D_FORTIFY_SOURCE=2 conftest.c >&5
configure:7657: $? = 0
configure:7657: result: yes
configure:7657: checking for string.h
configure:7657: gcc -c -march=x86-64 -mtune=generic -O2 -pipe -fstack-protector-strong -D_FORTIFY_SOURCE=2 conftest.c >&5
configure:7657: $? = 0
configure:7657: result: yes
configure:7657: checking for memory.h
configure:7657: gcc -c -march=x86-64 -mtune=generic -O2 -pipe -fstack-protector-strong -D_FORTIFY_SOURCE=2 conftest.c >&5
configure:7657: $? = 0
configure:7657: result: yes
configure:7657: checking for strings.h
configure:7657: gcc -c -march=x86-64 -mtune=generic -O2 -pipe -fstack-protector-strong -D_FORTIFY_SOURCE=2 conftest.c >&5
configure:7657: $? = 0
configure:7657: result: yes
configure:7657: checking for inttypes.h
configure:7657: gcc -c -march=x86-64 -mtune=generic -O2 -pipe -fstack-protector-strong -D_FORTIFY_SOURCE=2 conftest.c >&5
configure:7657: $? = 0
configure:7657: result: yes
configure:7657: checking for stdint.h
configure:7657: gcc -c -march=x86-64 -mtune=generic -O2 -pipe -fstack-protector-strong -D_FORTIFY_SOURCE=2 conftest.c >&5
configure:7657: $? = 0
configure:7657: result: yes
configure:7657: checking for unistd.h
configure:7657: gcc -c -march=x86-64 -mtune=generic -O2 -pipe -fstack-protector-strong -D_FORTIFY_SOURCE=2 conftest.c >&5
configure:7657: $? = 0
configure:7657: result: yes
configure:7671: checking for dlfcn.h
configure:7671: gcc -c -march=x86-64 -mtune=generic -O2 -pipe -fstack-protector-strong -D_FORTIFY_SOURCE=2 conftest.c >&5
configure:7671: $? = 0
configure:7671: result: yes
configure:7927: checking for objdir
configure:7942: result: .libs
configure:8206: checking if gcc supports -fno-rtti -fno-exceptions
configure:8224: gcc -c -march=x86-64 -mtune=generic -O2 -pipe -fstack-protector-strong -D_FORTIFY_SOURCE=2 -fno-rtti -fno-exceptions conftest.c >&5
cc1: warning: command line option '-fno-rtti' is valid for C++/ObjC++ but not for C
configure:8228: $? = 0
configure:8241: result: no
configure:8599: checking for gcc option to produce PIC
configure:8606: result: -fPIC -DPIC
configure:8614: checking if gcc PIC flag -fPIC -DPIC works
configure:8632: gcc -c -march=x86-64 -mtune=generic -O2 -pipe -fstack-protector-strong -D_FORTIFY_SOURCE=2 -fPIC -DPIC -DPIC conftest.c >&5
configure:8636: $? = 0
configure:8649: result: yes
configure:8678: checking if gcc static flag -static works
configure:8706: result: yes
configure:8721: checking if gcc supports -c -o file.o
configure:8742: gcc -c -march=x86-64 -mtune=generic -O2 -pipe -fstack-protector-strong -D_FORTIFY_SOURCE=2 -o out/conftest2.o conftest.c >&5
configure:8746: $? = 0
configure:8768: result: yes
configure:8776: checking if gcc supports -c -o file.o
configure:8823: result: yes
configure:8856: checking whether the gcc linker (/usr/bin/ld -m elf_x86_64) supports shared libraries
configure:10115: result: yes
configure:10152: checking whether -lc should be explicitly linked in
configure:10160: gcc -c -march=x86-64 -mtune=generic -O2 -pipe -fstack-protector-strong -D_FORTIFY_SOURCE=2 conftest.c >&5
configure:10163: $? = 0
configure:10178: gcc -shared  -fPIC -DPIC conftest.o  -v -Wl,-soname -Wl,conftest -o conftest 2\>\&1 \| /usr/bin/grep  -lc  \>/dev/null 2\>\&1
configure:10181: $? = 0
configure:10195: result: no
configure:10355: checking dynamic linker characteristics
configure:10936: gcc -o conftest -march=x86-64 -mtune=generic -O2 -pipe -fstack-protector-strong -D_FORTIFY_SOURCE=2 -Wl,-O1,--sort-common,--as-needed,-z,relro -Wl,-rpath -Wl,/foo conftest.c  >&5
configure:10936: $? = 0
configure:11173: result: GNU/Linux ld.so
configure:11295: checking how to hardcode library paths into programs
configure:11320: result: immediate
configure:11868: checking whether stripping libraries is possible
configure:11873: result: yes
configure:11908: checking if libtool supports shared libraries
configure:11910: result: yes
configure:11913: checking whether to build shared libraries
configure:11938: result: yes
configure:11941: checking whether to build static libraries
configure:11945: result: yes
configure:11987: checking ctype.h usability
configure:11987: gcc -c -march=x86-64 -mtune=generic -O2 -pipe -fstack-protector-strong -D_FORTIFY_SOURCE=2 conftest.c >&5
configure:11987: $? = 0
configure:11987: result: yes
configure:11987: checking ctype.h presence
configure:11987: gcc -E -D_FORTIFY_SOURCE=2 conftest.c
In file included from /usr/include/ctype.h:25:0,
                 from conftest.c:23:
/usr/include/features.h:328:4: warning: #warning _FORTIFY_SOURCE requires compiling with optimization (-O) [-Wcpp]
 #  warning _FORTIFY_SOURCE requires compiling with optimization (-O)
    ^
configure:11987: $? = 0
configure:11987: result: yes
configure:11987: checking for ctype.h
configure:11987: result: yes
configure:11987: checking getopt.h usability
configure:11987: gcc -c -march=x86-64 -mtune=generic -O2 -pipe -fstack-protector-strong -D_FORTIFY_SOURCE=2 conftest.c >&5
configure:11987: $? = 0
configure:11987: result: yes
configure:11987: checking getopt.h presence
configure:11987: gcc -E -D_FORTIFY_SOURCE=2 conftest.c
In file included from /usr/include/ctype.h:25:0,
                 from /usr/include/getopt.h:33,
                 from conftest.c:24:
/usr/include/features.h:328:4: warning: #warning _FORTIFY_SOURCE requires compiling with optimization (-O) [-Wcpp]
 #  warning _FORTIFY_SOURCE requires compiling with optimization (-O)
    ^
configure:11987: $? = 0
configure:11987: result: yes
configure:11987: checking for getopt.h
configure:11987: result: yes
configure:11987: checking libintl.h usability
configure:11987: gcc -c -march=x86-64 -mtune=generic -O2 -pipe -fstack-protector-strong -D_FORTIFY_SOURCE=2 conftest.c >&5
configure:11987: $? = 0
configure:11987: result: yes
configure:11987: checking libintl.h presence
configure:11987: gcc -E -D_FORTIFY_SOURCE=2 conftest.c
In file included from /usr/include/libintl.h:23:0,
                 from conftest.c:25:
/usr/include/features.h:328:4: warning: #warning _FORTIFY_SOURCE requires compiling with optimization (-O) [-Wcpp]
 #  warning _FORTIFY_SOURCE requires compiling with optimization (-O)
    ^
configure:11987: $? = 0
configure:11987: result: yes
configure:11987: checking for libintl.h
configure:11987: result: yes
configure:11987: checking limits.h usability
configure:11987: gcc -c -march=x86-64 -mtune=generic -O2 -pipe -fstack-protector-strong -D_FORTIFY_SOURCE=2 conftest.c >&5
configure:11987: $? = 0
configure:11987: result: yes
configure:11987: checking limits.h presence
configure:11987: gcc -E -D_FORTIFY_SOURCE=2 conftest.c
In file included from /usr/include/limits.h:25:0,
                 from /usr/lib/gcc/x86_64-unknown-linux-gnu/5.3.0/include-fixed/limits.h:168,
                 from /usr/lib/gcc/x86_64-unknown-linux-gnu/5.3.0/include-fixed/syslimits.h:7,
                 from /usr/lib/gcc/x86_64-unknown-linux-gnu/5.3.0/include-fixed/limits.h:34,
                 from conftest.c:26:
/usr/include/features.h:328:4: warning: #warning _FORTIFY_SOURCE requires compiling with optimization (-O) [-Wcpp]
 #  warning _FORTIFY_SOURCE requires compiling with optimization (-O)
    ^
configure:11987: $? = 0
configure:11987: result: yes
configure:11987: checking for limits.h
configure:11987: result: yes
configure:11987: checking locale.h usability
configure:11987: gcc -c -march=x86-64 -mtune=generic -O2 -pipe -fstack-protector-strong -D_FORTIFY_SOURCE=2 conftest.c >&5
configure:11987: $? = 0
configure:11987: result: yes
configure:11987: checking locale.h presence
configure:11987: gcc -E -D_FORTIFY_SOURCE=2 conftest.c
In file included from /usr/include/locale.h:25:0,
                 from conftest.c:27:
/usr/include/features.h:328:4: warning: #warning _FORTIFY_SOURCE requires compiling with optimization (-O) [-Wcpp]
 #  warning _FORTIFY_SOURCE requires compiling with optimization (-O)
    ^
configure:11987: $? = 0
configure:11987: result: yes
configure:11987: checking for locale.h
configure:11987: result: yes
configure:11987: checking sys/ioctl.h usability
configure:11987: gcc -c -march=x86-64 -mtune=generic -O2 -pipe -fstack-protector-strong -D_FORTIFY_SOURCE=2 conftest.c >&5
configure:11987: $? = 0
configure:11987: result: yes
configure:11987: checking sys/ioctl.h presence
configure:11987: gcc -E -D_FORTIFY_SOURCE=2 conftest.c
In file included from /usr/include/sys/ioctl.h:21:0,
                 from conftest.c:28:
/usr/include/features.h:328:4: warning: #warning _FORTIFY_SOURCE requires compiling with optimization (-O) [-Wcpp]
 #  warning _FORTIFY_SOURCE requires compiling with optimization (-O)
    ^
configure:11987: $? = 0
configure:11987: result: yes
configure:11987: checking for sys/ioctl.h
configure:11987: result: yes
configure:11987: checking sys/utsname.h usability
configure:11987: gcc -c -march=x86-64 -mtune=generic -O2 -pipe -fstack-protector-strong -D_FORTIFY_SOURCE=2 conftest.c >&5
configure:11987: $? = 0
configure:11987: result: yes
configure:11987: checking sys/utsname.h presence
configure:11987: gcc -E -D_FORTIFY_SOURCE=2 conftest.c
In file included from /usr/include/sys/utsname.h:25:0,
                 from conftest.c:29:
/usr/include/features.h:328:4: warning: #warning _FORTIFY_SOURCE requires compiling with optimization (-O) [-Wcpp]
 #  warning _FORTIFY_SOURCE requires compiling with optimization (-O)
    ^
configure:11987: $? = 0
configure:11987: result: yes
configure:11987: checking for sys/utsname.h
configure:11987: result: yes
configure:11998: checking for alpm_version in -lalpm
configure:12023: gcc -o conftest -march=x86-64 -mtune=generic -O2 -pipe -fstack-protector-strong -D_FORTIFY_SOURCE=2 -Wl,-O1,--sort-common,--as-needed,-z,relro conftest.c -lalpm   >&5
configure:12023: $? = 0
configure:12032: result: yes
configure:12045: checking for yajl_free in -lyajl
configure:12070: gcc -o conftest -march=x86-64 -mtune=generic -O2 -pipe -fstack-protector-strong -D_FORTIFY_SOURCE=2 -Wl,-O1,--sort-common,--as-needed,-z,relro conftest.c -lyajl  -lalpm  >&5
configure:12070: $? = 0
configure:12079: result: yes
configure:12132: checking for gawk
configure:12159: result: gawk
configure:12221: checking for curl-config
configure:12239: found /usr/bin/curl-config
configure:12251: result: /usr/bin/curl-config
configure:12262: checking for the version of libcurl
configure:12269: result: 7.46.0
configure:12276: checking for libcurl >= version 7.19.4
configure:12289: result: yes
configure:12330: checking whether libcurl is usable
configure:12364: gcc -o conftest -march=x86-64 -mtune=generic -O2 -pipe -fstack-protector-strong  -D_FORTIFY_SOURCE=2 -Wl,-O1,--sort-common,--as-needed,-z,relro conftest.c -lcurl -lyajl -lalpm  >&5
configure:12364: $? = 0
configure:12378: result: yes
configure:12391: checking for curl_free
configure:12391: gcc -o conftest -march=x86-64 -mtune=generic -O2 -pipe -fstack-protector-strong -D_FORTIFY_SOURCE=2  -Wl,-O1,--sort-common,--as-needed,-z,relro conftest.c -lyajl -lalpm  -lcurl >&5
configure:12391: $? = 0
configure:12391: result: yes
configure:12478: checking whether NLS is requested
configure:12487: result: yes
configure:12527: checking for msgfmt
configure: trying /usr/bin/msgfmt...
0 translated messages.
configure:12559: result: /usr/bin/msgfmt
configure:12568: checking for gmsgfmt
configure:12599: result: /usr/bin/msgfmt
configure:12649: checking for xgettext
configure: trying /usr/bin/xgettext...
/usr/bin/xgettext: warning: file '/dev/null' extension '' is unknown; will try C
configure:12681: result: /usr/bin/xgettext
configure:12726: checking for msgmerge
configure: trying /usr/bin/msgmerge...
configure:12757: result: /usr/bin/msgmerge
configure:12815: checking for ld used by gcc
configure:12882: result: /usr/bin/ld -m elf_x86_64
configure:12889: checking if the linker (/usr/bin/ld -m elf_x86_64) is GNU ld
configure:12904: result: yes
configure:12911: checking for shared library run path origin
configure:12924: result: done
configure:13496: checking for CFPreferencesCopyAppValue
configure:13514: gcc -o conftest -march=x86-64 -mtune=generic -O2 -pipe -fstack-protector-strong -D_FORTIFY_SOURCE=2 -Wl,-O1,--sort-common,--as-needed,-z,relro conftest.c -lyajl -lalpm  -Wl,-framework -Wl,CoreFoundation >&5
conftest.c:65:42: fatal error: CoreFoundation/CFPreferences.h: No such file or directory
compilation terminated.
configure:13514: $? = 1
configure: failed program was:
| /* confdefs.h */
| #define PACKAGE_NAME "package-query"
| #define PACKAGE_TARNAME "package-query"
| #define PACKAGE_VERSION "1.7"
| #define PACKAGE_STRING "package-query 1.7"
| #define PACKAGE_BUGREPORT "https://github.com/archlinuxfr/package-query"
| #define PACKAGE_URL ""
| #define PACKAGE "package-query"
| #define VERSION "1.7"
| #define STDC_HEADERS 1
| #define HAVE_SYS_TYPES_H 1
| #define HAVE_SYS_STAT_H 1
| #define HAVE_STDLIB_H 1
| #define HAVE_STRING_H 1
| #define HAVE_MEMORY_H 1
| #define HAVE_STRINGS_H 1
| #define HAVE_INTTYPES_H 1
| #define HAVE_STDINT_H 1
| #define HAVE_UNISTD_H 1
| #define HAVE_DLFCN_H 1
| #define LT_OBJDIR ".libs/"
| #define HAVE_CTYPE_H 1
| #define HAVE_GETOPT_H 1
| #define HAVE_LIBINTL_H 1
| #define HAVE_LIMITS_H 1
| #define HAVE_LOCALE_H 1
| #define HAVE_SYS_IOCTL_H 1
| #define HAVE_SYS_UTSNAME_H 1
| #define HAVE_LIBALPM 1
| #define HAVE_LIBYAJL 1
| #define HAVE_LIBCURL 1
| #define LIBCURL_FEATURE_SSL 1
| #define LIBCURL_FEATURE_IPV6 1
| #define LIBCURL_FEATURE_UNIXSOCKETS 1
| #define LIBCURL_FEATURE_LIBZ 1
| #define LIBCURL_FEATURE_ASYNCHDNS 1
| #define LIBCURL_FEATURE_IDN 1
| #define LIBCURL_FEATURE_GSS_API 1
| #define LIBCURL_FEATURE_SPNEGO 1
| #define LIBCURL_FEATURE_KERBEROS 1
| #define LIBCURL_FEATURE_NTLM 1
| #define LIBCURL_FEATURE_NTLM_WB 1
| #define LIBCURL_FEATURE_TLS_SRP 1
| #define LIBCURL_PROTOCOL_DICT 1
| #define LIBCURL_PROTOCOL_FILE 1
| #define LIBCURL_PROTOCOL_FTP 1
| #define LIBCURL_PROTOCOL_FTPS 1
| #define LIBCURL_PROTOCOL_GOPHER 1
| #define LIBCURL_PROTOCOL_HTTP 1
| #define LIBCURL_PROTOCOL_HTTPS 1
| #define LIBCURL_PROTOCOL_IMAP 1
| #define LIBCURL_PROTOCOL_IMAPS 1
| #define LIBCURL_PROTOCOL_POP3 1
| #define LIBCURL_PROTOCOL_POP3S 1
| #define LIBCURL_PROTOCOL_RTSP 1
| #define LIBCURL_PROTOCOL_SCP 1
| #define LIBCURL_PROTOCOL_SFTP 1
| #define LIBCURL_PROTOCOL_SMB 1
| #define LIBCURL_PROTOCOL_SMBS 1
| #define LIBCURL_PROTOCOL_SMTP 1
| #define LIBCURL_PROTOCOL_SMTPS 1
| #define LIBCURL_PROTOCOL_TELNET 1
| #define LIBCURL_PROTOCOL_TFTP 1
| /* end confdefs.h.  */
| #include <CoreFoundation/CFPreferences.h>
| int
| main ()
| {
| CFPreferencesCopyAppValue(NULL, NULL)
|   ;
|   return 0;
| }
configure:13523: result: no
configure:13530: checking for CFLocaleCopyCurrent
configure:13548: gcc -o conftest -march=x86-64 -mtune=generic -O2 -pipe -fstack-protector-strong -D_FORTIFY_SOURCE=2 -Wl,-O1,--sort-common,--as-needed,-z,relro conftest.c -lyajl -lalpm  -Wl,-framework -Wl,CoreFoundation >&5
conftest.c:65:37: fatal error: CoreFoundation/CFLocale.h: No such file or directory
compilation terminated.
configure:13548: $? = 1
configure: failed program was:
| /* confdefs.h */
| #define PACKAGE_NAME "package-query"
| #define PACKAGE_TARNAME "package-query"
| #define PACKAGE_VERSION "1.7"
| #define PACKAGE_STRING "package-query 1.7"
| #define PACKAGE_BUGREPORT "https://github.com/archlinuxfr/package-query"
| #define PACKAGE_URL ""
| #define PACKAGE "package-query"
| #define VERSION "1.7"
| #define STDC_HEADERS 1
| #define HAVE_SYS_TYPES_H 1
| #define HAVE_SYS_STAT_H 1
| #define HAVE_STDLIB_H 1
| #define HAVE_STRING_H 1
| #define HAVE_MEMORY_H 1
| #define HAVE_STRINGS_H 1
| #define HAVE_INTTYPES_H 1
| #define HAVE_STDINT_H 1
| #define HAVE_UNISTD_H 1
| #define HAVE_DLFCN_H 1
| #define LT_OBJDIR ".libs/"
| #define HAVE_CTYPE_H 1
| #define HAVE_GETOPT_H 1
| #define HAVE_LIBINTL_H 1
| #define HAVE_LIMITS_H 1
| #define HAVE_LOCALE_H 1
| #define HAVE_SYS_IOCTL_H 1
| #define HAVE_SYS_UTSNAME_H 1
| #define HAVE_LIBALPM 1
| #define HAVE_LIBYAJL 1
| #define HAVE_LIBCURL 1
| #define LIBCURL_FEATURE_SSL 1
| #define LIBCURL_FEATURE_IPV6 1
| #define LIBCURL_FEATURE_UNIXSOCKETS 1
| #define LIBCURL_FEATURE_LIBZ 1
| #define LIBCURL_FEATURE_ASYNCHDNS 1
| #define LIBCURL_FEATURE_IDN 1
| #define LIBCURL_FEATURE_GSS_API 1
| #define LIBCURL_FEATURE_SPNEGO 1
| #define LIBCURL_FEATURE_KERBEROS 1
| #define LIBCURL_FEATURE_NTLM 1
| #define LIBCURL_FEATURE_NTLM_WB 1
| #define LIBCURL_FEATURE_TLS_SRP 1
| #define LIBCURL_PROTOCOL_DICT 1
| #define LIBCURL_PROTOCOL_FILE 1
| #define LIBCURL_PROTOCOL_FTP 1
| #define LIBCURL_PROTOCOL_FTPS 1
| #define LIBCURL_PROTOCOL_GOPHER 1
| #define LIBCURL_PROTOCOL_HTTP 1
| #define LIBCURL_PROTOCOL_HTTPS 1
| #define LIBCURL_PROTOCOL_IMAP 1
| #define LIBCURL_PROTOCOL_IMAPS 1
| #define LIBCURL_PROTOCOL_POP3 1
| #define LIBCURL_PROTOCOL_POP3S 1
| #define LIBCURL_PROTOCOL_RTSP 1
| #define LIBCURL_PROTOCOL_SCP 1
| #define LIBCURL_PROTOCOL_SFTP 1
| #define LIBCURL_PROTOCOL_SMB 1
| #define LIBCURL_PROTOCOL_SMBS 1
| #define LIBCURL_PROTOCOL_SMTP 1
| #define LIBCURL_PROTOCOL_SMTPS 1
| #define LIBCURL_PROTOCOL_TELNET 1
| #define LIBCURL_PROTOCOL_TFTP 1
| /* end confdefs.h.  */
| #include <CoreFoundation/CFLocale.h>
| int
| main ()
| {
| CFLocaleCopyCurrent();
|   ;
|   return 0;
| }
configure:13557: result: no
configure:13606: checking for GNU gettext in libc
configure:13630: gcc -o conftest -march=x86-64 -mtune=generic -O2 -pipe -fstack-protector-strong -D_FORTIFY_SOURCE=2 -Wl,-O1,--sort-common,--as-needed,-z,relro conftest.c -lyajl -lalpm  >&5
configure:13630: $? = 0
configure:13639: result: yes
configure:14476: checking whether to use NLS
configure:14478: result: yes
configure:14481: checking where the gettext function comes from
configure:14492: result: libc
configure:14558: checking for git
configure:14574: found /usr/bin/git
configure:14585: result: git
configure:14597: checking for .git/
configure:14610: result: no
configure:14768: checking that generated files are newer than configure
configure:14774: result: done
configure:14801: creating ./config.status

## ---------------------- ##
## Running config.status. ##
## ---------------------- ##

This file was extended by package-query config.status 1.7, which was
generated by GNU Autoconf 2.69.  Invocation command line was

  CONFIG_FILES    = 
  CONFIG_HEADERS  = 
  CONFIG_LINKS    = 
  CONFIG_COMMANDS = 
  $ ./config.status 

on antergos-iso

config.status:1164: creating src/Makefile
config.status:1164: creating doc/Makefile
config.status:1164: creating Makefile
config.status:1164: creating config.h
config.status:1393: executing depfiles commands
config.status:1393: executing libtool commands
config.status:1393: executing po-directories commands

## ---------------- ##
## Cache variables. ##
## ---------------- ##

ac_cv_build=x86_64-unknown-linux-gnu
ac_cv_c_compiler_gnu=yes
ac_cv_env_CC_set=
ac_cv_env_CC_value=
ac_cv_env_CFLAGS_set=set
ac_cv_env_CFLAGS_value='-march=x86-64 -mtune=generic -O2 -pipe -fstack-protector-strong'
ac_cv_env_CPPFLAGS_set=set
ac_cv_env_CPPFLAGS_value=-D_FORTIFY_SOURCE=2
ac_cv_env_CPP_set=
ac_cv_env_CPP_value=
ac_cv_env_LDFLAGS_set=set
ac_cv_env_LDFLAGS_value=-Wl,-O1,--sort-common,--as-needed,-z,relro
ac_cv_env_LIBS_set=
ac_cv_env_LIBS_value=
ac_cv_env_LT_SYS_LIBRARY_PATH_set=
ac_cv_env_LT_SYS_LIBRARY_PATH_value=
ac_cv_env_build_alias_set=
ac_cv_env_build_alias_value=
ac_cv_env_host_alias_set=
ac_cv_env_host_alias_value=
ac_cv_env_target_alias_set=
ac_cv_env_target_alias_value=
ac_cv_file__git_=no
ac_cv_func_curl_free=yes
ac_cv_header_ctype_h=yes
ac_cv_header_dlfcn_h=yes
ac_cv_header_getopt_h=yes
ac_cv_header_inttypes_h=yes
ac_cv_header_libintl_h=yes
ac_cv_header_limits_h=yes
ac_cv_header_locale_h=yes
ac_cv_header_memory_h=yes
ac_cv_header_stdc=yes
ac_cv_header_stdint_h=yes
ac_cv_header_stdlib_h=yes
ac_cv_header_string_h=yes
ac_cv_header_strings_h=yes
ac_cv_header_sys_ioctl_h=yes
ac_cv_header_sys_stat_h=yes
ac_cv_header_sys_types_h=yes
ac_cv_header_sys_utsname_h=yes
ac_cv_header_unistd_h=yes
ac_cv_host=x86_64-unknown-linux-gnu
ac_cv_lib_alpm_alpm_version=yes
ac_cv_lib_yajl_yajl_free=yes
ac_cv_objext=o
ac_cv_path_EGREP='/usr/bin/grep -E'
ac_cv_path_FGREP='/usr/bin/grep -F'
ac_cv_path_GMSGFMT=/usr/bin/msgfmt
ac_cv_path_GREP=/usr/bin/grep
ac_cv_path_MSGFMT=/usr/bin/msgfmt
ac_cv_path_MSGMERGE=/usr/bin/msgmerge
ac_cv_path_SED=/usr/bin/sed
ac_cv_path_XGETTEXT=/usr/bin/xgettext
ac_cv_path__libcurl_config=/usr/bin/curl-config
ac_cv_path_install='/usr/bin/install -c'
ac_cv_path_lt_DD=/usr/bin/dd
ac_cv_path_mkdir=/usr/bin/mkdir
ac_cv_prog_AWK=gawk
ac_cv_prog_CPP='gcc -E'
ac_cv_prog_GIT=git
ac_cv_prog_ac_ct_AR=ar
ac_cv_prog_ac_ct_CC=gcc
ac_cv_prog_ac_ct_OBJDUMP=objdump
ac_cv_prog_ac_ct_RANLIB=ranlib
ac_cv_prog_ac_ct_STRIP=strip
ac_cv_prog_cc_c89=
ac_cv_prog_cc_g=yes
ac_cv_prog_make_make_set=yes
acl_cv_path_LD='/usr/bin/ld -m elf_x86_64'
acl_cv_prog_gnu_ld=yes
acl_cv_rpath=done
am_cv_CC_dependencies_compiler_type=gcc3
am_cv_make_support_nested_variables=yes
am_cv_prog_cc_c_o=yes
gt_cv_func_CFLocaleCopyCurrent=no
gt_cv_func_CFPreferencesCopyAppValue=no
gt_cv_func_gnugettext1_libc=yes
libcurl_cv_lib_curl_usable=yes
libcurl_cv_lib_curl_version=7.46.0
libcurl_cv_lib_version_ok=yes
lt_cv_ar_at_file=@
lt_cv_archive_cmds_need_lc=no
lt_cv_deplibs_check_method=pass_all
lt_cv_file_magic_cmd='$MAGIC_CMD'
lt_cv_file_magic_test_file=
lt_cv_ld_reload_flag=-r
lt_cv_nm_interface='BSD nm'
lt_cv_objdir=.libs
lt_cv_path_LD=/usr/bin/ld
lt_cv_path_NM='/usr/bin/nm -B'
lt_cv_path_mainfest_tool=no
lt_cv_prog_compiler_c_o=yes
lt_cv_prog_compiler_pic='-fPIC -DPIC'
lt_cv_prog_compiler_pic_works=yes
lt_cv_prog_compiler_rtti_exceptions=no
lt_cv_prog_compiler_static_works=yes
lt_cv_prog_gnu_ld=yes
lt_cv_sharedlib_from_linklib_cmd='printf %s\n'
lt_cv_shlibpath_overrides_runpath=no
lt_cv_sys_global_symbol_pipe='sed -n -e '\''s/^.*[	 ]\([ABCDGIRSTW][ABCDGIRSTW]*\)[	 ][	 ]*\([_A-Za-z][_A-Za-z0-9]*\)$/\1 \2 \2/p'\'' | sed '\''/ __gnu_lto/d'\'''
lt_cv_sys_global_symbol_to_c_name_address='sed -n -e '\''s/^: \(.*\) .*$/  {"\1", (void *) 0},/p'\'' -e '\''s/^[ABCDGIRSTW][ABCDGIRSTW]* .* \(.*\)$/  {"\1", (void *) \&\1},/p'\'''
lt_cv_sys_global_symbol_to_c_name_address_lib_prefix='sed -n -e '\''s/^: \(.*\) .*$/  {"\1", (void *) 0},/p'\'' -e '\''s/^[ABCDGIRSTW][ABCDGIRSTW]* .* \(lib.*\)$/  {"\1", (void *) \&\1},/p'\'' -e '\''s/^[ABCDGIRSTW][ABCDGIRSTW]* .* \(.*\)$/  {"lib\1", (void *) \&\1},/p'\'''
lt_cv_sys_global_symbol_to_cdecl='sed -n -e '\''s/^T .* \(.*\)$/extern int \1();/p'\'' -e '\''s/^[ABCDGIRSTW][ABCDGIRSTW]* .* \(.*\)$/extern char \1;/p'\'''
lt_cv_sys_global_symbol_to_import=
lt_cv_sys_max_cmd_len=1572864
lt_cv_to_host_file_cmd=func_convert_file_noop
lt_cv_to_tool_file_cmd=func_convert_file_noop
lt_cv_truncate_bin='/usr/bin/dd bs=4096 count=1'

## ----------------- ##
## Output variables. ##
## ----------------- ##

ACLOCAL='${SHELL} /home/jpsala/package-query/src/package-query-1.7/missing aclocal-1.15'
AMDEPBACKSLASH='\'
AMDEP_FALSE='#'
AMDEP_TRUE=''
AMTAR='$${TAR-tar}'
AM_BACKSLASH='\'
AM_DEFAULT_V='$(AM_DEFAULT_VERBOSITY)'
AM_DEFAULT_VERBOSITY='1'
AM_V='$(V)'
AR='ar'
AUR_BASE_URL='https://aur.archlinux.org'
AUTOCONF='${SHELL} /home/jpsala/package-query/src/package-query-1.7/missing autoconf'
AUTOHEADER='${SHELL} /home/jpsala/package-query/src/package-query-1.7/missing autoheader'
AUTOMAKE='${SHELL} /home/jpsala/package-query/src/package-query-1.7/missing automake-1.15'
AWK='gawk'
CC='gcc'
CCDEPMODE='depmode=gcc3'
CFLAGS='-march=x86-64 -mtune=generic -O2 -pipe -fstack-protector-strong'
CPP='gcc -E'
CPPFLAGS='-D_FORTIFY_SOURCE=2'
CYGPATH_W='echo'
DEFS='-DHAVE_CONFIG_H'
DEPDIR='.deps'
DLLTOOL='false'
DSYMUTIL=''
DUMPBIN=''
ECHO_C=''
ECHO_N='-n'
ECHO_T=''
EGREP='/usr/bin/grep -E'
EXEEXT=''
FGREP='/usr/bin/grep -F'
GETTEXT_MACRO_VERSION='0.19'
GIT='git'
GIT_VERSION=''
GMSGFMT='/usr/bin/msgfmt'
GMSGFMT_015='/usr/bin/msgfmt'
GREP='/usr/bin/grep'
INSTALL_DATA='${INSTALL} -m 644'
INSTALL_PROGRAM='${INSTALL}'
INSTALL_SCRIPT='${INSTALL}'
INSTALL_STRIP_PROGRAM='$(install_sh) -c -s'
INTLLIBS=''
INTL_MACOSX_LIBS=''
LD='/usr/bin/ld -m elf_x86_64'
LDFLAGS='-Wl,-O1,--sort-common,--as-needed,-z,relro'
LIBCURL='-lcurl'
LIBCURL_CPPFLAGS=''
LIBICONV='-liconv'
LIBINTL=''
LIBOBJS=''
LIBS='-lyajl -lalpm '
LIBTOOL='$(SHELL) $(top_builddir)/libtool'
LIPO=''
LN_S='ln -s'
LTLIBICONV='-liconv'
LTLIBINTL=''
LTLIBOBJS=''
LT_SYS_LIBRARY_PATH=''
MAKEINFO='${SHELL} /home/jpsala/package-query/src/package-query-1.7/missing makeinfo'
MANIFEST_TOOL=':'
MKDIR_P='/usr/bin/mkdir -p'
MSGFMT='/usr/bin/msgfmt'
MSGFMT_015='/usr/bin/msgfmt'
MSGMERGE='/usr/bin/msgmerge'
NM='/usr/bin/nm -B'
NMEDIT=''
OBJDUMP='objdump'
OBJEXT='o'
OTOOL64=''
OTOOL=''
PACKAGE='package-query'
PACKAGE_BUGREPORT='https://github.com/archlinuxfr/package-query'
PACKAGE_NAME='package-query'
PACKAGE_STRING='package-query 1.7'
PACKAGE_TARNAME='package-query'
PACKAGE_URL=''
PACKAGE_VERSION='1.7'
PATH_SEPARATOR=':'
POSUB='po'
RANLIB='ranlib'
ROOTDIR='/'
SED='/usr/bin/sed'
SET_MAKE=''
SHELL='/bin/sh'
STRIP='strip'
USE_GIT_VERSION_FALSE=''
USE_GIT_VERSION_TRUE='#'
USE_NLS='yes'
VERSION='1.7'
XGETTEXT='/usr/bin/xgettext'
XGETTEXT_015='/usr/bin/xgettext'
XGETTEXT_EXTRA_OPTIONS=''
_libcurl_config=''
ac_ct_AR='ar'
ac_ct_CC='gcc'
ac_ct_DUMPBIN=''
am__EXEEXT_FALSE=''
am__EXEEXT_TRUE='#'
am__fastdepCC_FALSE='#'
am__fastdepCC_TRUE=''
am__include='include'
am__isrc=''
am__leading_dot='.'
am__nodep='_no'
am__quote=''
am__tar='$${TAR-tar} chof - "$$tardir"'
am__untar='$${TAR-tar} xf -'
bindir='${exec_prefix}/bin'
build='x86_64-unknown-linux-gnu'
build_alias=''
build_cpu='x86_64'
build_os='linux-gnu'
build_vendor='unknown'
datadir='${datarootdir}'
datarootdir='${prefix}/share'
docdir='${datarootdir}/doc/${PACKAGE_TARNAME}'
dvidir='${docdir}'
exec_prefix='${prefix}'
host='x86_64-unknown-linux-gnu'
host_alias=''
host_cpu='x86_64'
host_os='linux-gnu'
host_vendor='unknown'
htmldir='${docdir}'
includedir='${prefix}/include'
infodir='${datarootdir}/info'
install_sh='${SHELL} /home/jpsala/package-query/src/package-query-1.7/install-sh'
libdir='${exec_prefix}/lib'
libexecdir='${exec_prefix}/libexec'
localedir='${datarootdir}/locale'
localstatedir='/var'
mandir='${datarootdir}/man'
mkdir_p='$(MKDIR_P)'
oldincludedir='/usr/include'
pdfdir='${docdir}'
prefix='/usr'
program_transform_name='s,x,x,'
psdir='${docdir}'
sbindir='${exec_prefix}/sbin'
sharedstatedir='${prefix}/com'
sysconfdir='/etc'
target_alias=''

## ----------- ##
## confdefs.h. ##
## ----------- ##

/* confdefs.h */
#define PACKAGE_NAME "package-query"
#define PACKAGE_TARNAME "package-query"
#define PACKAGE_VERSION "1.7"
#define PACKAGE_STRING "package-query 1.7"
#define PACKAGE_BUGREPORT "https://github.com/archlinuxfr/package-query"
#define PACKAGE_URL ""
#define PACKAGE "package-query"
#define VERSION "1.7"
#define STDC_HEADERS 1
#define HAVE_SYS_TYPES_H 1
#define HAVE_SYS_STAT_H 1
#define HAVE_STDLIB_H 1
#define HAVE_STRING_H 1
#define HAVE_MEMORY_H 1
#define HAVE_STRINGS_H 1
#define HAVE_INTTYPES_H 1
#define HAVE_STDINT_H 1
#define HAVE_UNISTD_H 1
#define HAVE_DLFCN_H 1
#define LT_OBJDIR ".libs/"
#define HAVE_CTYPE_H 1
#define HAVE_GETOPT_H 1
#define HAVE_LIBINTL_H 1
#define HAVE_LIMITS_H 1
#define HAVE_LOCALE_H 1
#define HAVE_SYS_IOCTL_H 1
#define HAVE_SYS_UTSNAME_H 1
#define HAVE_LIBALPM 1
#define HAVE_LIBYAJL 1
#define HAVE_LIBCURL 1
#define LIBCURL_FEATURE_SSL 1
#define LIBCURL_FEATURE_IPV6 1
#define LIBCURL_FEATURE_UNIXSOCKETS 1
#define LIBCURL_FEATURE_LIBZ 1
#define LIBCURL_FEATURE_ASYNCHDNS 1
#define LIBCURL_FEATURE_IDN 1
#define LIBCURL_FEATURE_GSS_API 1
#define LIBCURL_FEATURE_SPNEGO 1
#define LIBCURL_FEATURE_KERBEROS 1
#define LIBCURL_FEATURE_NTLM 1
#define LIBCURL_FEATURE_NTLM_WB 1
#define LIBCURL_FEATURE_TLS_SRP 1
#define LIBCURL_PROTOCOL_DICT 1
#define LIBCURL_PROTOCOL_FILE 1
#define LIBCURL_PROTOCOL_FTP 1
#define LIBCURL_PROTOCOL_FTPS 1
#define LIBCURL_PROTOCOL_GOPHER 1
#define LIBCURL_PROTOCOL_HTTP 1
#define LIBCURL_PROTOCOL_HTTPS 1
#define LIBCURL_PROTOCOL_IMAP 1
#define LIBCURL_PROTOCOL_IMAPS 1
#define LIBCURL_PROTOCOL_POP3 1
#define LIBCURL_PROTOCOL_POP3S 1
#define LIBCURL_PROTOCOL_RTSP 1
#define LIBCURL_PROTOCOL_SCP 1
#define LIBCURL_PROTOCOL_SFTP 1
#define LIBCURL_PROTOCOL_SMB 1
#define LIBCURL_PROTOCOL_SMBS 1
#define LIBCURL_PROTOCOL_SMTP 1
#define LIBCURL_PROTOCOL_SMTPS 1
#define LIBCURL_PROTOCOL_TELNET 1
#define LIBCURL_PROTOCOL_TFTP 1
#define ENABLE_NLS 1
#define HAVE_GETTEXT 1
#define HAVE_DCGETTEXT 1

configure: exit 0
